[2022-11-03T18:26:08.739180+01:00] mylog.ERROR: User reached a 404. [] []
[2022-11-03T18:28:48.341006+01:00] mylog.ERROR: User reached a 404. [] []
[2022-11-03T18:28:51.023426+01:00] mylog.ERROR: User reached a 404. [] []
[2022-11-03T18:29:10.739331+01:00] mylog.ERROR: User reached a 404. [] []
[2022-11-03T18:29:32.681700+01:00] mylog.ERROR: User reached a 404. [] []
[2022-11-03T18:29:32.693059+01:00] mylog.ERROR: User reached a 404. [] []
[2022-11-03T18:29:32.699281+01:00] mylog.ERROR: User reached a 404. [] []
[2022-11-03T18:29:32.706047+01:00] mylog.ERROR: User reached a 404. [] []
[2022-11-03T18:33:09.385994+01:00] mylog.ERROR: User reached a 404. [] []
[2022-11-03T18:33:09.394080+01:00] mylog.ERROR: User reached a 404. [] []
[2022-11-03T18:33:09.401367+01:00] mylog.ERROR: User reached a 404. [] []
[2022-11-03T18:33:09.407544+01:00] mylog.ERROR: User reached a 404. [] []
[2022-11-03T18:39:41.776809+01:00] mylog.ERROR: User reached a 404. [] []
[2022-11-03T18:39:41.788743+01:00] mylog.ERROR: User reached a 404. [] []
[2022-11-03T18:39:41.795169+01:00] mylog.ERROR: User reached a 404. [] []
[2022-11-03T18:39:41.804138+01:00] mylog.ERROR: User reached a 404. [] []
[2022-11-03T18:39:45.706016+01:00] mylog.ERROR: User reached a 404. [] []
[2022-11-03T18:42:01.180533+01:00] mylog.ERROR: User reached a 404. [] []
[2022-11-03T18:45:46.931553+01:00] mylog.ERROR: User reached a 404. [] []
[2022-11-03T18:45:46.940556+01:00] mylog.ERROR: User reached a 404. [] []
[2022-11-03T18:45:46.947906+01:00] mylog.ERROR: User reached a 404. [] []
[2022-11-03T18:45:46.954947+01:00] mylog.ERROR: User reached a 404. [] []
[2022-11-03T18:45:49.308048+01:00] mylog.ERROR: User reached a 404. [] []
[2022-11-03T18:45:49.315363+01:00] mylog.ERROR: User reached a 404. [] []
[2022-11-03T18:45:49.321578+01:00] mylog.ERROR: User reached a 404. [] []
[2022-11-03T18:45:49.329180+01:00] mylog.ERROR: User reached a 404. [] []
[2022-11-03T18:45:51.485917+01:00] mylog.ERROR: User reached a 404. [] []
[2022-11-03T18:45:51.492129+01:00] mylog.ERROR: User reached a 404. [] []
[2022-11-03T18:45:51.499583+01:00] mylog.ERROR: User reached a 404. [] []
[2022-11-03T18:45:51.504990+01:00] mylog.ERROR: User reached a 404. [] []
[2022-11-03T18:46:21.802997+01:00] mylog.ERROR: User reached a 404. [] []
[2022-11-03T18:46:21.808807+01:00] mylog.ERROR: User reached a 404. [] []
[2022-11-03T18:46:21.815815+01:00] mylog.ERROR: User reached a 404. [] []
[2022-11-03T18:46:21.821760+01:00] mylog.ERROR: User reached a 404. [] []
[2022-11-03T18:46:29.217983+01:00] mylog.ERROR: User reached a 404. [] []
[2022-11-03T18:46:29.223759+01:00] mylog.ERROR: User reached a 404. [] []
[2022-11-03T18:46:29.233154+01:00] mylog.ERROR: User reached a 404. [] []
[2022-11-03T18:46:29.238537+01:00] mylog.ERROR: User reached a 404. [] []
[2022-11-03T18:46:56.561606+01:00] mylog.ERROR: User reached a 404. [] []
[2022-11-03T18:46:56.569158+01:00] mylog.ERROR: User reached a 404. [] []
[2022-11-03T18:46:56.577342+01:00] mylog.ERROR: User reached a 404. [] []
[2022-11-03T18:46:56.588090+01:00] mylog.ERROR: User reached a 404. [] []
[2022-11-03T18:46:56.596052+01:00] mylog.ERROR: User reached a 404. [] []
[2022-11-03T18:49:35.223662+01:00] mylog.ERROR: User reached a 404. [] []
[2022-11-03T18:49:35.233231+01:00] mylog.ERROR: User reached a 404. [] []
[2022-11-03T18:49:35.241915+01:00] mylog.ERROR: User reached a 404. [] []
[2022-11-03T18:49:35.247191+01:00] mylog.ERROR: User reached a 404. [] []
[2022-11-03T19:46:29.861678+01:00] mylog.ERROR: User reached a 404. [] []
[2022-11-03T19:46:29.888195+01:00] mylog.ERROR: User reached a 404. [] []
[2022-11-03T19:46:29.889749+01:00] mylog.ERROR: User reached a 404. [] []
[2022-11-03T19:46:30.096407+01:00] mylog.ERROR: User reached a 404. [] []
[2022-11-03T20:01:16.791480+01:00] mylog.ERROR: User reached a 404. [] []
[2022-11-03T20:01:16.801200+01:00] mylog.ERROR: User reached a 404. [] []
[2022-11-03T20:01:16.807975+01:00] mylog.ERROR: User reached a 404. [] []
[2022-11-03T20:01:16.815611+01:00] mylog.ERROR: User reached a 404. [] []
[2022-11-03T20:01:29.731017+01:00] mylog.ERROR: User reached a 404. [] []
[2022-11-03T20:01:29.737410+01:00] mylog.ERROR: User reached a 404. [] []
[2022-11-03T20:01:29.744631+01:00] mylog.ERROR: User reached a 404. [] []
[2022-11-03T20:01:29.749943+01:00] mylog.ERROR: User reached a 404. [] []
[2022-11-03T20:01:53.356705+01:00] mylog.ERROR: User reached a 404. [] []
[2022-11-03T20:01:53.362725+01:00] mylog.ERROR: User reached a 404. [] []
[2022-11-03T20:01:53.369906+01:00] mylog.ERROR: User reached a 404. [] []
[2022-11-03T20:01:53.377677+01:00] mylog.ERROR: User reached a 404. [] []
[2022-11-03T20:02:20.545273+01:00] mylog.ERROR: User reached a 404. [] []
[2022-11-03T20:02:20.551809+01:00] mylog.ERROR: User reached a 404. [] []
[2022-11-03T20:02:20.559092+01:00] mylog.ERROR: User reached a 404. [] []
[2022-11-03T20:02:20.565493+01:00] mylog.ERROR: User reached a 404. [] []
[2022-11-03T20:02:45.657513+01:00] mylog.ERROR: User reached a 404. [] []
[2022-11-03T20:02:45.666562+01:00] mylog.ERROR: User reached a 404. [] []
[2022-11-03T20:02:45.673431+01:00] mylog.ERROR: User reached a 404. [] []
[2022-11-03T20:02:45.680031+01:00] mylog.ERROR: User reached a 404. [] []
[2022-11-03T20:02:55.339170+01:00] mylog.ERROR: User reached a 404. [] []
[2022-11-03T20:02:55.345523+01:00] mylog.ERROR: User reached a 404. [] []
[2022-11-03T20:02:55.352710+01:00] mylog.ERROR: User reached a 404. [] []
[2022-11-03T20:02:55.359265+01:00] mylog.ERROR: User reached a 404. [] []
[2022-11-03T20:03:07.765340+01:00] mylog.ERROR: User reached a 404. [] []
[2022-11-03T20:03:07.772581+01:00] mylog.ERROR: User reached a 404. [] []
[2022-11-03T20:03:07.778852+01:00] mylog.ERROR: User reached a 404. [] []
[2022-11-03T20:03:07.784303+01:00] mylog.ERROR: User reached a 404. [] []
[2022-11-03T20:03:14.778027+01:00] mylog.ERROR: User reached a 404. [] []
[2022-11-03T20:03:14.784823+01:00] mylog.ERROR: User reached a 404. [] []
[2022-11-03T20:03:14.790815+01:00] mylog.ERROR: User reached a 404. [] []
[2022-11-03T20:03:14.797434+01:00] mylog.ERROR: User reached a 404. [] []
[2022-11-03T20:04:47.200263+01:00] mylog.ERROR: User reached a 404. [] []
[2022-11-03T20:04:47.208724+01:00] mylog.ERROR: User reached a 404. [] []
[2022-11-03T20:04:47.216013+01:00] mylog.ERROR: User reached a 404. [] []
[2022-11-03T20:04:47.221726+01:00] mylog.ERROR: User reached a 404. [] []
[2022-11-03T20:11:15.445062+01:00] mylog.ERROR: User reached a 404. [] []
[2022-11-03T20:11:15.454264+01:00] mylog.ERROR: User reached a 404. [] []
[2022-11-03T20:11:15.455247+01:00] mylog.ERROR: User reached a 404. [] []
[2022-11-03T20:11:15.739262+01:00] mylog.ERROR: User reached a 404. [] []
[2022-11-03T20:15:20.537992+01:00] mylog.ERROR: User reached a 404. [] []
[2022-11-03T20:15:20.547046+01:00] mylog.ERROR: User reached a 404. [] []
[2022-11-03T20:15:20.553649+01:00] mylog.ERROR: User reached a 404. [] []
[2022-11-03T20:15:20.564343+01:00] mylog.ERROR: User reached a 404. [] []
[2022-11-03T20:15:24.278577+01:00] mylog.ERROR: User reached a 404. [] []
[2022-11-03T20:15:24.285244+01:00] mylog.ERROR: User reached a 404. [] []
[2022-11-03T20:15:24.291495+01:00] mylog.ERROR: User reached a 404. [] []
[2022-11-03T20:15:24.299295+01:00] mylog.ERROR: User reached a 404. [] []
[2022-11-03T20:28:43.664348+01:00] mylog.ERROR: User reached a 404. [] []
[2022-11-03T20:28:43.671999+01:00] mylog.ERROR: User reached a 404. [] []
[2022-11-03T20:28:43.680149+01:00] mylog.ERROR: User reached a 404. [] []
[2022-11-03T20:28:43.688011+01:00] mylog.ERROR: User reached a 404. [] []
[2022-11-03T20:28:53.774535+01:00] mylog.ERROR: User reached a 404. [] []
[2022-11-03T20:28:53.779954+01:00] mylog.ERROR: User reached a 404. [] []
[2022-11-03T20:28:53.786093+01:00] mylog.ERROR: User reached a 404. [] []
[2022-11-03T20:28:53.793543+01:00] mylog.ERROR: User reached a 404. [] []
[2022-11-03T20:37:49.751537+01:00] mylog.ERROR: User reached a 404. [] []
[2022-11-03T20:37:49.759603+01:00] mylog.ERROR: User reached a 404. [] []
[2022-11-03T20:37:49.800505+01:00] mylog.ERROR: User reached a 404. [] []
[2022-11-03T20:37:49.995971+01:00] mylog.ERROR: User reached a 404. [] []
[2022-11-03T20:38:08.216154+01:00] mylog.ERROR: User reached a 404. [] []
[2022-11-03T20:38:08.225804+01:00] mylog.ERROR: User reached a 404. [] []
[2022-11-03T20:38:08.226741+01:00] mylog.ERROR: User reached a 404. [] []
[2022-11-03T20:38:08.245046+01:00] mylog.ERROR: User reached a 404. [] []
[2022-11-03T20:38:12.045282+01:00] mylog.ERROR: User reached a 404. [] []
[2022-11-03T20:39:20.290291+01:00] mylog.ERROR: User reached a 404. [] []
[2022-11-03T20:39:20.306066+01:00] mylog.ERROR: User reached a 404. [] []
[2022-11-03T20:39:20.312442+01:00] mylog.ERROR: User reached a 404. [] []
[2022-11-03T20:39:20.314630+01:00] mylog.ERROR: User reached a 404. [] []
[2022-11-03T20:39:54.707598+01:00] mylog.ERROR: User reached a 404. [] []
[2022-11-03T20:39:54.722129+01:00] mylog.ERROR: User reached a 404. [] []
[2022-11-03T20:39:54.729880+01:00] mylog.ERROR: User reached a 404. [] []
[2022-11-03T20:39:54.742303+01:00] mylog.ERROR: User reached a 404. [] []
[2022-11-03T20:44:05.083238+01:00] mylog.ERROR: User reached a 404. [] []
[2022-11-03T20:44:05.090470+01:00] mylog.ERROR: User reached a 404. [] []
[2022-11-03T20:44:05.092120+01:00] mylog.ERROR: User reached a 404. [] []
[2022-11-03T20:44:05.206138+01:00] mylog.ERROR: User reached a 404. [] []
[2022-11-03T20:44:07.384363+01:00] mylog.ERROR: User reached a 404. [] []
[2022-11-03T20:46:15.437650+01:00] mylog.ERROR: User reached a 404. [] []
[2022-11-03T20:46:15.446652+01:00] mylog.ERROR: User reached a 404. [] []
[2022-11-03T20:46:15.453108+01:00] mylog.ERROR: User reached a 404. [] []
[2022-11-03T20:46:15.460595+01:00] mylog.ERROR: User reached a 404. [] []
[2022-11-03T21:11:55.335071+01:00] mylog.ERROR: User reached a 404. [] []
[2022-11-03T21:11:55.343930+01:00] mylog.ERROR: User reached a 404. [] []
[2022-11-03T21:11:55.353697+01:00] mylog.ERROR: User reached a 404. [] []
[2022-11-03T21:11:55.361316+01:00] mylog.ERROR: User reached a 404. [] []
[2022-11-03T21:26:31.548790+01:00] mylog.INFO: Listing doesn't work [] []
[2022-11-03T21:26:35.130035+01:00] mylog.INFO: Listing doesn't work [] []
[2022-11-03T21:27:13.616133+01:00] mylog.INFO: Creating doesn't work [] []
[2022-11-03T21:27:25.179552+01:00] mylog.INFO: Creating doesn't work [] []
[2022-11-03T21:28:33.128055+01:00] mylog.INFO: Creating doesn't work [] []
[2022-11-03T21:31:46.932307+01:00] mylog.ERROR: User reached a 404. [] []
[2022-11-03T21:31:46.941265+01:00] mylog.ERROR: User reached a 404. [] []
[2022-11-03T21:31:46.947661+01:00] mylog.ERROR: User reached a 404. [] []
[2022-11-03T21:31:46.956504+01:00] mylog.ERROR: User reached a 404. [] []
[2022-11-03T21:37:11.743445+01:00] mylog.ERROR: User reached a 404. [] []
[2022-11-03T21:37:11.751438+01:00] mylog.ERROR: User reached a 404. [] []
[2022-11-03T21:37:11.759542+01:00] mylog.ERROR: User reached a 404. [] []
[2022-11-03T21:37:11.767413+01:00] mylog.ERROR: User reached a 404. [] []
[2022-11-03T21:37:13.685644+01:00] mylog.ERROR: User reached a 404. [] []
[2022-11-03T21:37:13.691732+01:00] mylog.ERROR: User reached a 404. [] []
[2022-11-03T21:37:13.698964+01:00] mylog.ERROR: User reached a 404. [] []
[2022-11-03T21:37:13.704792+01:00] mylog.ERROR: User reached a 404. [] []
[2022-11-03T21:37:17.377673+01:00] mylog.ERROR: User reached a 404. [] []
[2022-11-03T21:37:17.385491+01:00] mylog.ERROR: User reached a 404. [] []
[2022-11-03T21:37:17.391572+01:00] mylog.ERROR: User reached a 404. [] []
[2022-11-03T21:37:17.398234+01:00] mylog.ERROR: User reached a 404. [] []
[2022-11-03T21:37:21.466167+01:00] mylog.ERROR: User reached a 404. [] []
[2022-11-03T21:37:21.471555+01:00] mylog.ERROR: User reached a 404. [] []
[2022-11-03T21:37:21.479276+01:00] mylog.ERROR: User reached a 404. [] []
[2022-11-03T21:37:21.484320+01:00] mylog.ERROR: User reached a 404. [] []
[2022-11-03T21:38:43.475514+01:00] mylog.ERROR: User reached a 404. [] []
[2022-11-03T21:38:43.482221+01:00] mylog.ERROR: User reached a 404. [] []
[2022-11-03T21:38:43.488809+01:00] mylog.ERROR: User reached a 404. [] []
[2022-11-03T21:38:43.495218+01:00] mylog.ERROR: User reached a 404. [] []
[2022-11-03T21:39:43.740491+01:00] mylog.ERROR: User reached a 404. [] []
[2022-11-03T21:39:43.748044+01:00] mylog.ERROR: User reached a 404. [] []
[2022-11-03T21:39:43.755282+01:00] mylog.ERROR: User reached a 404. [] []
[2022-11-03T21:39:43.761793+01:00] mylog.ERROR: User reached a 404. [] []
[2022-11-03T21:39:46.791582+01:00] mylog.ERROR: User reached a 404. [] []
[2022-11-03T21:39:46.797444+01:00] mylog.ERROR: User reached a 404. [] []
[2022-11-03T21:39:46.803900+01:00] mylog.ERROR: User reached a 404. [] []
[2022-11-03T21:39:46.810444+01:00] mylog.ERROR: User reached a 404. [] []
[2022-11-03T21:39:53.998721+01:00] mylog.ERROR: User reached a 404. [] []
[2022-11-03T21:39:54.005730+01:00] mylog.ERROR: User reached a 404. [] []
[2022-11-03T21:39:54.011565+01:00] mylog.ERROR: User reached a 404. [] []
[2022-11-03T21:39:54.017017+01:00] mylog.ERROR: User reached a 404. [] []
[2022-11-03T21:40:19.642218+01:00] mylog.ERROR: User reached a 404. [] []
[2022-11-03T21:40:19.648374+01:00] mylog.ERROR: User reached a 404. [] []
[2022-11-03T21:40:19.654996+01:00] mylog.ERROR: User reached a 404. [] []
[2022-11-03T21:40:19.660980+01:00] mylog.ERROR: User reached a 404. [] []
[2022-11-03T22:03:14.723774+01:00] mylog.ERROR: User reached a 404. [] []
[2022-11-03T22:03:14.731720+01:00] mylog.ERROR: User reached a 404. [] []
[2022-11-03T22:03:14.739830+01:00] mylog.ERROR: User reached a 404. [] []
[2022-11-03T22:03:14.748155+01:00] mylog.ERROR: User reached a 404. [] []
[2022-11-03T22:03:49.060582+01:00] mylog.ERROR: User reached a 404. [] []
[2022-11-03T22:03:49.069056+01:00] mylog.ERROR: User reached a 404. [] []
[2022-11-03T22:03:49.075157+01:00] mylog.ERROR: User reached a 404. [] []
[2022-11-03T22:03:49.081628+01:00] mylog.ERROR: User reached a 404. [] []
[2022-11-03T22:57:22.325944+01:00] mylog.ERROR: User reached a 404. [] []
[2022-11-03T22:57:27.095778+01:00] mylog.ERROR: User reached a 404. [] []
[2022-11-03T22:58:46.520039+01:00] mylog.ERROR: User reached a 404. [] []
[2022-11-03T23:00:11.571448+01:00] mylog.ERROR: User reached a 404. [] []
[2022-11-03T23:01:18.798415+01:00] mylog.ERROR: User reached a 404. [] []
[2022-11-03T23:03:09.858552+01:00] mylog.ERROR: User reached a 404. [] []
[2022-11-03T23:03:41.740159+01:00] mylog.ERROR: User reached a 404. [] []
[2022-11-03T23:05:31.063146+01:00] mylog.ERROR: User reached a 404. [] []
[2022-11-03T23:07:36.917943+01:00] mylog.ERROR: User reached a 404. [] []
[2022-11-03T23:07:37.973527+01:00] mylog.ERROR: User reached a 404. [] []
[2022-11-03T23:07:42.690929+01:00] mylog.ERROR: User reached a 404. [] []
[2022-11-03T23:08:21.304067+01:00] mylog.ERROR: User reached a 404. [] []
[2022-11-03T23:08:25.007034+01:00] mylog.ERROR: User reached a 404. [] []
[2022-11-03T23:08:54.627416+01:00] mylog.ERROR: User reached a 404. [] []
[2022-11-03T23:09:33.056304+01:00] mylog.ERROR: User reached a 404. [] []
[2022-11-03T23:09:33.565653+01:00] mylog.ERROR: User reached a 404. [] []
[2022-11-03T23:09:36.298316+01:00] mylog.ERROR: User reached a 404. [] []
[2022-11-03T23:10:23.649064+01:00] mylog.ERROR: User reached a 404. [] []
[2022-11-03T23:15:34.159990+01:00] mylog.ERROR: User reached a 404. [] []
[2022-11-03T23:16:41.263349+01:00] mylog.ERROR: User reached a 404. [] []
[2022-11-03T23:19:03.908016+01:00] mylog.ERROR: User reached a 404. [] []
[2022-11-03T23:19:08.372871+01:00] mylog.ERROR: User reached a 404. [] []
[2022-11-03T23:19:09.270504+01:00] mylog.ERROR: User reached a 404. [] []
[2022-11-03T23:19:11.031480+01:00] mylog.ERROR: User reached a 404. [] []
[2022-11-03T23:21:51.327056+01:00] mylog.ERROR: User reached a 404. [] []
[2022-11-03T23:21:58.283264+01:00] mylog.ERROR: User reached a 404. [] []
[2022-11-03T23:21:58.980229+01:00] mylog.ERROR: User reached a 404. [] []
[2022-11-03T23:22:01.913648+01:00] mylog.ERROR: User reached a 404. [] []
[2022-11-03T23:38:26.782589+01:00] mylog.INFO: Creating doesn't work635 [] []
[2022-11-03T23:38:35.480333+01:00] mylog.INFO: Creating doesn't work635 [] []
[2022-11-03T23:38:58.930112+01:00] mylog.INFO: Creating doesn't work635 [] []
[2022-11-03T23:39:10.829962+01:00] mylog.INFO: Creating doesn't work635 [] []
[2022-11-03T23:39:59.695858+01:00] mylog.INFO: Creating doesn't work635 [] []
[2022-11-03T23:40:04.688188+01:00] mylog.INFO: Creating doesn't work635 [] []
[2022-11-03T23:40:12.488936+01:00] mylog.INFO: Creating doesn't work635 [] []
[2022-11-03T23:41:01.568324+01:00] mylog.INFO: Creating doesn't work635 [] []
[2022-11-03T23:41:08.344792+01:00] mylog.INFO: Creating doesn't work635 [] []
[2022-11-03T23:42:40.739048+01:00] mylog.INFO: Creating doesn't work635 [] []
[2022-11-03T23:42:46.574629+01:00] mylog.INFO: Creating doesn't work635 [] []
[2022-11-03T23:57:28.634752+01:00] mylog.INFO: Creating doesn't work635 [] []
[2022-11-03T23:57:56.911706+01:00] mylog.INFO: Creating doesn't work635 [] []
[2022-11-03T23:58:27.113410+01:00] mylog.INFO: Creating doesn't work635 [] []
[2022-11-03T23:58:48.384863+01:00] mylog.INFO: Creating doesn't work635 [] []
[2022-11-03T23:59:31.926429+01:00] mylog.INFO: Creating doesn't work635 [] []
[2022-11-04T00:00:23.092269+01:00] mylog.INFO: Creating doesn't work635 [] []
[2022-11-04T00:01:31.518652+01:00] mylog.INFO: Creating doesn't work635 [] []
[2022-11-04T00:03:09.180564+01:00] mylog.INFO: Creating doesn't work635 [] []
[2022-11-04T00:03:47.378251+01:00] mylog.INFO: Creating doesn't work635 [] []
[2022-11-04T00:03:48.890241+01:00] mylog.INFO: Creating works [] []
[2022-11-04T00:04:02.386965+01:00] mylog.INFO: Creating doesn't work635 [] []
[2022-11-04T00:04:03.676933+01:00] mylog.INFO: Creating works [] []
[2022-11-04T00:04:04.653457+01:00] mylog.INFO: Creating doesn't work635 [] []
[2022-11-04T00:04:10.200210+01:00] mylog.INFO: Creating works [] []
[2022-11-04T00:04:29.348767+01:00] mylog.INFO: Creating doesn't work635 [] []
[2022-11-04T00:04:31.568788+01:00] mylog.INFO: Creating works [] []
[2022-11-04T00:04:51.849224+01:00] mylog.INFO: Creating doesn't work635 [] []
[2022-11-04T00:04:56.780183+01:00] mylog.INFO: Creating works [] []
[2022-11-04T00:04:58.576002+01:00] mylog.INFO: Creating doesn't work635 [] []
[2022-11-04T00:05:28.929842+01:00] mylog.INFO: Creating doesn't work635 [] []
[2022-11-04T00:05:32.356152+01:00] mylog.INFO: Creating works [] []
[2022-11-04T00:06:33.563890+01:00] mylog.INFO: Creating doesn't work635 [] []
[2022-11-04T00:06:37.714443+01:00] mylog.INFO: Creating works [] []
[2022-11-04T00:07:10.412113+01:00] mylog.INFO: Creating doesn't work635 [] []
[2022-11-04T00:07:14.441078+01:00] mylog.INFO: Creating works [] []
[2022-11-04T00:07:26.137711+01:00] mylog.INFO: Creating doesn't work635 [] []
[2022-11-04T00:07:28.148267+01:00] mylog.INFO: Creating works [] []
[2022-11-04T00:08:19.352060+01:00] mylog.INFO: Creating doesn't work635 [] []
[2022-11-04T00:08:23.389386+01:00] mylog.INFO: Creating works [] []
[2022-11-04T00:09:47.857154+01:00] mylog.INFO: Creating doesn't work635 [] []
[2022-11-04T00:09:49.189126+01:00] mylog.INFO: Creating works [] []
[2022-11-04T00:10:12.106235+01:00] mylog.INFO: Creating works [] []
[2022-11-04T00:10:16.958856+01:00] mylog.INFO: Creating doesn't work635 [] []
[2022-11-04T00:10:25.493114+01:00] mylog.INFO: Creating works [] []
[2022-11-04T00:11:49.772623+01:00] mylog.INFO: Creating doesn't work635 [] []
[2022-11-04T00:13:23.629829+01:00] mylog.INFO: Creating works [] []
[2022-11-04T00:13:26.071129+01:00] mylog.INFO: Creating doesn't work635 [] []
[2022-11-04T00:13:49.907781+01:00] mylog.INFO: Creating doesn't work635 [] []
[2022-11-04T00:14:13.784694+01:00] mylog.INFO: Creating doesn't work635 [] []
[2022-11-04T00:14:29.685502+01:00] mylog.INFO: Creating doesn't work635 [] []
[2022-11-04T00:22:46.311656+01:00] mylog.INFO: Creating doesn't work635 [] []
[2022-11-04T00:23:11.562939+01:00] mylog.INFO: Creating doesn't work635 [] []
[2022-11-04T00:23:30.539861+01:00] mylog.INFO: Creating doesn't work635 [] []
[2022-11-04T00:25:31.074251+01:00] mylog.INFO: Creating doesn't work635 [] []
[2022-11-04T00:25:38.887662+01:00] mylog.INFO: Creating doesn't work635 [] []
[2022-11-04T00:26:26.799995+01:00] mylog.INFO: Creating doesn't work635 [] []
[2022-11-04T00:26:27.868960+01:00] mylog.INFO: Creating doesn't work635 [] []
[2022-11-04T00:29:01.489608+01:00] mylog.INFO: Creating doesn't work635 [] []
[2022-11-04T00:29:05.469471+01:00] mylog.INFO: Creating doesn't work635 [] []
[2022-11-04T00:29:28.519410+01:00] mylog.INFO: Creating doesn't work635 [] []
[2022-11-04T00:33:06.445002+01:00] mylog.INFO: Creating doesn't work635 [] []
[2022-11-04T00:33:31.108797+01:00] mylog.INFO: Creating doesn't work635 [] []
[2022-11-04T00:34:44.269850+01:00] mylog.INFO: Creating doesn't work635 [] []
[2022-11-04T00:34:45.657555+01:00] mylog.INFO: Creating doesn't work635 [] []
[2022-11-04T00:34:46.984912+01:00] mylog.INFO: Creating doesn't work635 [] []
[2022-11-04T00:36:02.372706+01:00] mylog.INFO: Creating doesn't work635 [] []
[2022-11-04T00:37:06.460455+01:00] mylog.INFO: Creating doesn't work635 [] []
[2022-11-04T00:37:52.264488+01:00] mylog.INFO: Creating doesn't work635 [] []
[2022-11-04T00:37:56.585512+01:00] mylog.INFO: Creating doesn't work635 [] []
[2022-11-04T00:39:00.595085+01:00] mylog.INFO: Creating works [] []
[2022-11-04T00:39:06.134770+01:00] mylog.INFO: Creating doesn't work635 [] []
[2022-11-04T00:39:07.150573+01:00] mylog.INFO: Creating works [] []
[2022-11-04T00:39:08.895951+01:00] mylog.INFO: Creating doesn't work635 [] []
[2022-11-04T00:39:15.532217+01:00] mylog.INFO: Creating works [] []
[2022-11-04T00:40:07.794094+01:00] mylog.INFO: Creating doesn't work635 [] []
[2022-11-04T00:40:10.228399+01:00] mylog.INFO: Creating works [] []
[2022-11-04T00:40:11.897698+01:00] mylog.INFO: Creating doesn't work635 [] []
[2022-11-04T00:40:16.137010+01:00] mylog.INFO: Creating works [] []
[2022-11-04T00:40:53.512424+01:00] mylog.INFO: Creating doesn't work635 [] []
[2022-11-04T00:40:56.131793+01:00] mylog.INFO: Creating works [] []
[2022-11-04T00:40:58.187726+01:00] mylog.INFO: Creating doesn't work635 [] []
[2022-11-04T00:41:11.205425+01:00] mylog.INFO: Creating doesn't work635 [] []
[2022-11-04T00:41:12.780001+01:00] mylog.INFO: Creating works [] []
[2022-11-04T00:41:14.086442+01:00] mylog.INFO: Creating doesn't work635 [] []
[2022-11-04T00:41:15.900154+01:00] mylog.INFO: Creating works [] []
[2022-11-04T00:41:17.050036+01:00] mylog.INFO: Creating doesn't work635 [] []
[2022-11-04T00:41:31.319483+01:00] mylog.INFO: Creating works [] []
[2022-11-04T00:41:34.526136+01:00] mylog.INFO: Creating doesn't work635 [] []
[2022-11-04T00:41:36.599406+01:00] mylog.INFO: Creating works [] []
[2022-11-04T00:41:37.803729+01:00] mylog.INFO: Creating doesn't work635 [] []
[2022-11-04T00:41:40.778026+01:00] mylog.INFO: Creating works [] []
[2022-11-04T00:41:41.809769+01:00] mylog.INFO: Creating doesn't work635 [] []
[2022-11-04T00:41:44.974224+01:00] mylog.INFO: Creating works [] []
[2022-11-04T00:42:35.500665+01:00] mylog.INFO: Creating doesn't work635 [] []
[2022-11-04T00:42:39.640556+01:00] mylog.INFO: Creating doesn't work635 [] []
[2022-11-04T00:42:43.903025+01:00] mylog.INFO: Creating works [] []
[2022-11-04T00:42:48.450047+01:00] mylog.INFO: Creating doesn't work635 [] []
[2022-11-04T00:42:57.683107+01:00] mylog.INFO: Creating doesn't work635 [] []
[2022-11-04T00:42:59.160885+01:00] mylog.INFO: Creating works [] []
[2022-11-04T00:43:02.401810+01:00] mylog.INFO: Creating doesn't work635 [] []
[2022-11-04T00:43:05.253316+01:00] mylog.INFO: Creating works [] []
[2022-11-04T00:43:39.084312+01:00] mylog.INFO: Creating doesn't work635 [] []
[2022-11-04T00:43:42.350462+01:00] mylog.INFO: Creating works [] []
[2022-11-04T00:43:55.700698+01:00] mylog.INFO: Creating works [] []
[2022-11-04T00:45:27.405603+01:00] mylog.INFO: Creating doesn't work635 [] []
[2022-11-04T00:45:37.087228+01:00] mylog.INFO: Creating works [] []
[2022-11-04T00:46:28.321359+01:00] mylog.INFO: Creating doesn't work635 [] []
[2022-11-04T00:46:31.089011+01:00] mylog.INFO: Creating doesn't work635 [] []
[2022-11-04T01:41:34.615629+01:00] mylog.ERROR: User reached a 404. [] []
[2022-11-04T03:16:08.577126+01:00] mylog.ERROR: User reached a 404. [] []
[2022-11-04T03:20:16.867093+01:00] mylog.ERROR: User reached a 404. [] []
